<?xml version="1.0" encoding="UTF-8"?>
<!-- Generated by org.testng.reporters.JUnitReportReporter -->
<testsuite hostname="DESKTOP-JET7EDG" failures="0" tests="3" name="testCases.LoginPageTest" time="30.798" errors="0" timestamp="2023-10-28T07:18:24 IST" skipped="1">
  <testcase classname="testCases.LoginPageTest" name="LoginToApplicationTest" time="20.343"/>
  <system-out/>
  <testcase classname="testCases.LoginPageTest" name="verifyTitleOfApplication" time="10.455"/>
  <system-out/>
  <testcase classname="testCases.LoginPageTest" name="verifyURLOfApplicationTest">
    <skipped/>
  </testcase> <!-- verifyURLOfApplicationTest -->
  <system-out/>
</testsuite> <!-- testCases.LoginPageTest -->
