<?xml version="1.0" encoding="UTF-8"?>
<!-- Generated by org.testng.reporters.JUnitReportReporter -->
<testsuite hostname="DESKTOP-JET7EDG" failures="0" tests="1" name="testCases.CkeckOutPage2Test" time="29.098" errors="0" timestamp="2023-10-20T07:55:38 IST" skipped="0">
  <testcase classname="testCases.CkeckOutPage2Test" name="verifycheckOutpage2LableTest" time="29.098"/>
  <system-out>
    <![CDATA[URL of cart page = Checkout: Overview]]>
  </system-out>
</testsuite> <!-- testCases.CkeckOutPage2Test -->
