<?xml version="1.0" encoding="UTF-8"?>
<!-- Generated by org.testng.reporters.JUnitReportReporter -->
<testsuite hostname="DESKTOP-JET7EDG" failures="0" tests="2" name="testCases.CartPageTest" time="14.599" errors="0" timestamp="2023-10-26T07:46:38 IST" skipped="0">
  <testcase classname="testCases.CartPageTest" name="verifyURLOfApplicationTest" time="7.319"/>
  <system-out>
    <![CDATA[URL of cart page = https://www.saucedemo.com/cart.html]]>
  </system-out>
  <testcase classname="testCases.CartPageTest" name="verifyTitleCartPageTest" time="7.280"/>
  <system-out>
    <![CDATA[Title of Crat pageYour Cart]]>
  </system-out>
</testsuite> <!-- testCases.CartPageTest -->
