<?xml version="1.0" encoding="UTF-8"?>
<!-- Generated by org.testng.reporters.JUnitReportReporter -->
<testsuite hostname="DESKTOP-JET7EDG" failures="0" tests="2" name="testCases.Inventory_Page_Test" time="20.073" errors="0" timestamp="2023-10-26T08:15:56 IST" skipped="0">
  <testcase classname="testCases.Inventory_Page_Test" name="remove2ProductTest" time="9.999"/>
  <system-out>
    <![CDATA[Count of product after removing = 4]]>
  </system-out>
  <testcase classname="testCases.Inventory_Page_Test" name="add6ProductsTest" time="10.074"/>
  <system-out>
    <![CDATA[Total products added in to the cart: 6]]>
  </system-out>
</testsuite> <!-- testCases.Inventory_Page_Test -->
