<?xml version="1.0" encoding="UTF-8"?>
<!-- Generated by org.testng.reporters.JUnitReportReporter -->
<testsuite hostname="DESKTOP-JET7EDG" failures="0" tests="2" name="testCases.CheckoutPage1Test" time="18.773" errors="0" timestamp="2023-10-26T07:46:38 IST" skipped="0">
  <testcase classname="testCases.CheckoutPage1Test" name="verifyURLOfCheckOutPage1Test" time="9.641"/>
  <system-out>
    <![CDATA[URL of cart page = https://www.saucedemo.com/checkout-step-one.html]]>
  </system-out>
  <testcase classname="testCases.CheckoutPage1Test" name="inputInfo" time="9.132"/>
  <system-out>
    <![CDATA[URL of cart page = https://www.saucedemo.com/checkout-step-two.html]]>
  </system-out>
</testsuite> <!-- testCases.CheckoutPage1Test -->
